{"/home/admin1/Desktop/assign/src/assets/icons/index.tsx": {"path":"/home/admin1/Desktop/assign/src/assets/icons/index.tsx","statementMap":{"0":{"start":{"line":5,"column":28},"end":{"line":19,"column":null}},"1":{"start":{"line":6,"column":2},"end":{"line":19,"column":null}},"2":{"start":{"line":22,"column":25},"end":{"line":36,"column":null}},"3":{"start":{"line":23,"column":2},"end":{"line":36,"column":null}},"4":{"start":{"line":39,"column":26},"end":{"line":53,"column":null}},"5":{"start":{"line":40,"column":2},"end":{"line":53,"column":null}},"6":{"start":{"line":56,"column":25},"end":{"line":70,"column":null}},"7":{"start":{"line":57,"column":2},"end":{"line":70,"column":null}},"8":{"start":{"line":73,"column":24},"end":{"line":80,"column":null}},"9":{"start":{"line":74,"column":2},"end":{"line":80,"column":null}},"10":{"start":{"line":83,"column":28},"end":{"line":97,"column":null}},"11":{"start":{"line":84,"column":2},"end":{"line":97,"column":null}},"12":{"start":{"line":100,"column":28},"end":{"line":114,"column":null}},"13":{"start":{"line":101,"column":2},"end":{"line":114,"column":null}},"14":{"start":{"line":117,"column":24},"end":{"line":131,"column":null}},"15":{"start":{"line":118,"column":2},"end":{"line":131,"column":null}},"16":{"start":{"line":134,"column":31},"end":{"line":148,"column":null}},"17":{"start":{"line":135,"column":2},"end":{"line":148,"column":null}}},"fnMap":{"0":{"name":"(anonymous_0)","decl":{"start":{"line":5,"column":28},"end":{"line":5,"column":29}},"loc":{"start":{"line":6,"column":2},"end":{"line":19,"column":null}},"line":6},"1":{"name":"(anonymous_1)","decl":{"start":{"line":22,"column":25},"end":{"line":22,"column":26}},"loc":{"start":{"line":23,"column":2},"end":{"line":36,"column":null}},"line":23},"2":{"name":"(anonymous_2)","decl":{"start":{"line":39,"column":26},"end":{"line":39,"column":27}},"loc":{"start":{"line":40,"column":2},"end":{"line":53,"column":null}},"line":40},"3":{"name":"(anonymous_3)","decl":{"start":{"line":56,"column":25},"end":{"line":56,"column":26}},"loc":{"start":{"line":57,"column":2},"end":{"line":70,"column":null}},"line":57},"4":{"name":"(anonymous_4)","decl":{"start":{"line":73,"column":24},"end":{"line":73,"column":25}},"loc":{"start":{"line":74,"column":2},"end":{"line":80,"column":null}},"line":74},"5":{"name":"(anonymous_5)","decl":{"start":{"line":83,"column":28},"end":{"line":83,"column":29}},"loc":{"start":{"line":84,"column":2},"end":{"line":97,"column":null}},"line":84},"6":{"name":"(anonymous_6)","decl":{"start":{"line":100,"column":28},"end":{"line":100,"column":29}},"loc":{"start":{"line":101,"column":2},"end":{"line":114,"column":null}},"line":101},"7":{"name":"(anonymous_7)","decl":{"start":{"line":117,"column":24},"end":{"line":117,"column":25}},"loc":{"start":{"line":118,"column":2},"end":{"line":131,"column":null}},"line":118},"8":{"name":"(anonymous_8)","decl":{"start":{"line":134,"column":31},"end":{"line":134,"column":32}},"loc":{"start":{"line":135,"column":2},"end":{"line":148,"column":null}},"line":135}},"branchMap":{},"s":{"0":4,"1":0,"2":4,"3":30,"4":4,"5":29,"6":4,"7":15,"8":4,"9":28,"10":4,"11":0,"12":4,"13":13,"14":4,"15":13,"16":4,"17":0},"f":{"0":0,"1":30,"2":29,"3":15,"4":28,"5":0,"6":13,"7":13,"8":0},"b":{},"meta":{"lastBranch":0,"lastFunction":9,"lastStatement":18,"seen":{"s:5:28:19:Infinity":0,"f:5:28:5:29":0,"s:6:2:19:Infinity":1,"s:22:25:36:Infinity":2,"f:22:25:22:26":1,"s:23:2:36:Infinity":3,"s:39:26:53:Infinity":4,"f:39:26:39:27":2,"s:40:2:53:Infinity":5,"s:56:25:70:Infinity":6,"f:56:25:56:26":3,"s:57:2:70:Infinity":7,"s:73:24:80:Infinity":8,"f:73:24:73:25":4,"s:74:2:80:Infinity":9,"s:83:28:97:Infinity":10,"f:83:28:83:29":5,"s:84:2:97:Infinity":11,"s:100:28:114:Infinity":12,"f:100:28:100:29":6,"s:101:2:114:Infinity":13,"s:117:24:131:Infinity":14,"f:117:24:117:25":7,"s:118:2:131:Infinity":15,"s:134:31:148:Infinity":16,"f:134:31:134:32":8,"s:135:2:148:Infinity":17}}}
,"/home/admin1/Desktop/assign/src/components/ErrorMessage/ErrorMessage.tsx": {"path":"/home/admin1/Desktop/assign/src/components/ErrorMessage/ErrorMessage.tsx","statementMap":{"0":{"start":{"line":8,"column":21},"end":{"line":23,"column":null}},"1":{"start":{"line":9,"column":2},"end":{"line":21,"column":null}}},"fnMap":{"0":{"name":"(anonymous_0)","decl":{"start":{"line":8,"column":21},"end":{"line":8,"column":22}},"loc":{"start":{"line":8,"column":66},"end":{"line":23,"column":null}},"line":8}},"branchMap":{"0":{"loc":{"start":{"line":16,"column":7},"end":{"line":19,"column":null}},"type":"binary-expr","locations":[{"start":{"line":16,"column":7},"end":{"line":16,"column":null}},{"start":{"line":17,"column":8},"end":{"line":19,"column":null}}],"line":16}},"s":{"0":2,"1":5},"f":{"0":5},"b":{"0":[5,2]},"meta":{"lastBranch":1,"lastFunction":1,"lastStatement":2,"seen":{"s:8:21:23:Infinity":0,"f:8:21:8:22":0,"s:9:2:21:Infinity":1,"b:16:7:16:Infinity:17:8:19:Infinity":0}}}
,"/home/admin1/Desktop/assign/src/components/FilterBar/FilterBar.tsx": {"path":"/home/admin1/Desktop/assign/src/components/FilterBar/FilterBar.tsx","statementMap":{"0":{"start":{"line":8,"column":18},"end":{"line":71,"column":null}},"1":{"start":{"line":9,"column":8},"end":{"line":9,"column":null}},"2":{"start":{"line":10,"column":8},"end":{"line":10,"column":null}},"3":{"start":{"line":11,"column":8},"end":{"line":11,"column":null}},"4":{"start":{"line":12,"column":8},"end":{"line":12,"column":null}},"5":{"start":{"line":14,"column":2},"end":{"line":16,"column":null}},"6":{"start":{"line":15,"column":4},"end":{"line":15,"column":null}},"7":{"start":{"line":18,"column":29},"end":{"line":20,"column":null}},"8":{"start":{"line":19,"column":4},"end":{"line":19,"column":null}},"9":{"start":{"line":22,"column":2},"end":{"line":69,"column":null}},"10":{"start":{"line":36,"column":29},"end":{"line":36,"column":null}},"11":{"start":{"line":42,"column":14},"end":{"line":44,"column":null}},"12":{"start":{"line":59,"column":29},"end":{"line":59,"column":null}}},"fnMap":{"0":{"name":"(anonymous_0)","decl":{"start":{"line":8,"column":18},"end":{"line":8,"column":24}},"loc":{"start":{"line":8,"column":24},"end":{"line":71,"column":null}},"line":8},"1":{"name":"(anonymous_1)","decl":{"start":{"line":14,"column":12},"end":{"line":14,"column":18}},"loc":{"start":{"line":14,"column":18},"end":{"line":16,"column":5}},"line":14},"2":{"name":"(anonymous_2)","decl":{"start":{"line":18,"column":29},"end":{"line":18,"column":30}},"loc":{"start":{"line":18,"column":59},"end":{"line":20,"column":null}},"line":18},"3":{"name":"(anonymous_3)","decl":{"start":{"line":36,"column":22},"end":{"line":36,"column":23}},"loc":{"start":{"line":36,"column":29},"end":{"line":36,"column":null}},"line":36},"4":{"name":"(anonymous_4)","decl":{"start":{"line":41,"column":28},"end":{"line":41,"column":29}},"loc":{"start":{"line":42,"column":14},"end":{"line":44,"column":null}},"line":42},"5":{"name":"(anonymous_5)","decl":{"start":{"line":59,"column":22},"end":{"line":59,"column":23}},"loc":{"start":{"line":59,"column":29},"end":{"line":59,"column":null}},"line":59}},"branchMap":{},"s":{"0":1,"1":13,"2":13,"3":13,"4":13,"5":13,"6":3,"7":13,"8":14,"9":13,"10":1,"11":14,"12":0},"f":{"0":13,"1":3,"2":14,"3":1,"4":14,"5":0},"b":{},"meta":{"lastBranch":0,"lastFunction":6,"lastStatement":13,"seen":{"s:8:18:71:Infinity":0,"f:8:18:8:24":0,"s:9:8:9:Infinity":1,"s:10:8:10:Infinity":2,"s:11:8:11:Infinity":3,"s:12:8:12:Infinity":4,"s:14:2:16:Infinity":5,"f:14:12:14:18":1,"s:15:4:15:Infinity":6,"s:18:29:20:Infinity":7,"f:18:29:18:30":2,"s:19:4:19:Infinity":8,"s:22:2:69:Infinity":9,"f:36:22:36:23":3,"s:36:29:36:Infinity":10,"f:41:28:41:29":4,"s:42:14:44:Infinity":11,"f:59:22:59:23":5,"s:59:29:59:Infinity":12}}}
,"/home/admin1/Desktop/assign/src/components/LoadingSpinner/LoadingSpinner.tsx": {"path":"/home/admin1/Desktop/assign/src/components/LoadingSpinner/LoadingSpinner.tsx","statementMap":{"0":{"start":{"line":1,"column":23},"end":{"line":11,"column":null}},"1":{"start":{"line":2,"column":2},"end":{"line":9,"column":null}}},"fnMap":{"0":{"name":"(anonymous_0)","decl":{"start":{"line":1,"column":23},"end":{"line":1,"column":29}},"loc":{"start":{"line":1,"column":29},"end":{"line":11,"column":null}},"line":1}},"branchMap":{},"s":{"0":1,"1":3},"f":{"0":3},"b":{},"meta":{"lastBranch":0,"lastFunction":1,"lastStatement":2,"seen":{"s:1:23:11:Infinity":0,"f:1:23:1:29":0,"s:2:2:9:Infinity":1}}}
,"/home/admin1/Desktop/assign/src/components/ProductCard/ProductCard.tsx": {"path":"/home/admin1/Desktop/assign/src/components/ProductCard/ProductCard.tsx","statementMap":{"0":{"start":{"line":13,"column":20},"end":{"line":81,"column":null}},"1":{"start":{"line":14,"column":8},"end":{"line":14,"column":null}},"2":{"start":{"line":15,"column":8},"end":{"line":15,"column":null}},"3":{"start":{"line":15,"column":37},"end":{"line":15,"column":82}},"4":{"start":{"line":17,"column":31},"end":{"line":25,"column":null}},"5":{"start":{"line":18,"column":4},"end":{"line":18,"column":null}},"6":{"start":{"line":19,"column":4},"end":{"line":19,"column":null}},"7":{"start":{"line":20,"column":4},"end":{"line":24,"column":null}},"8":{"start":{"line":21,"column":6},"end":{"line":21,"column":null}},"9":{"start":{"line":23,"column":6},"end":{"line":23,"column":null}},"10":{"start":{"line":27,"column":2},"end":{"line":79,"column":null}}},"fnMap":{"0":{"name":"(anonymous_0)","decl":{"start":{"line":13,"column":20},"end":{"line":13,"column":21}},"loc":{"start":{"line":13,"column":55},"end":{"line":81,"column":null}},"line":13},"1":{"name":"(anonymous_1)","decl":{"start":{"line":15,"column":36},"end":{"line":15,"column":37}},"loc":{"start":{"line":15,"column":37},"end":{"line":15,"column":82}},"line":15},"2":{"name":"(anonymous_2)","decl":{"start":{"line":17,"column":31},"end":{"line":17,"column":32}},"loc":{"start":{"line":17,"column":75},"end":{"line":25,"column":null}},"line":17}},"branchMap":{"0":{"loc":{"start":{"line":20,"column":4},"end":{"line":24,"column":null}},"type":"if","locations":[{"start":{"line":20,"column":4},"end":{"line":24,"column":null}},{"start":{"line":22,"column":11},"end":{"line":24,"column":null}}],"line":20},"1":{"loc":{"start":{"line":43,"column":24},"end":{"line":43,"column":null}},"type":"cond-expr","locations":[{"start":{"line":43,"column":37},"end":{"line":43,"column":63}},{"start":{"line":43,"column":63},"end":{"line":43,"column":null}}],"line":43},"2":{"loc":{"start":{"line":47,"column":16},"end":{"line":49,"column":null}},"type":"cond-expr","locations":[{"start":{"line":48,"column":20},"end":{"line":48,"column":null}},{"start":{"line":49,"column":20},"end":{"line":49,"column":null}}],"line":47},"3":{"loc":{"start":{"line":53,"column":11},"end":{"line":56,"column":null}},"type":"binary-expr","locations":[{"start":{"line":53,"column":11},"end":{"line":53,"column":null}},{"start":{"line":54,"column":12},"end":{"line":56,"column":null}}],"line":53},"4":{"loc":{"start":{"line":73,"column":17},"end":{"line":73,"column":null}},"type":"binary-expr","locations":[{"start":{"line":73,"column":17},"end":{"line":73,"column":53}},{"start":{"line":73,"column":53},"end":{"line":73,"column":null}}],"line":73}},"s":{"0":3,"1":28,"2":28,"3":57,"4":28,"5":1,"6":1,"7":1,"8":0,"9":1,"10":28},"f":{"0":28,"1":57,"2":1},"b":{"0":[0,1],"1":[5,23],"2":[5,23],"3":[28,5],"4":[28,0]},"meta":{"lastBranch":5,"lastFunction":3,"lastStatement":11,"seen":{"s:13:20:81:Infinity":0,"f:13:20:13:21":0,"s:14:8:14:Infinity":1,"s:15:8:15:Infinity":2,"f:15:36:15:37":1,"s:15:37:15:82":3,"s:17:31:25:Infinity":4,"f:17:31:17:32":2,"s:18:4:18:Infinity":5,"s:19:4:19:Infinity":6,"b:20:4:24:Infinity:22:11:24:Infinity":0,"s:20:4:24:Infinity":7,"s:21:6:21:Infinity":8,"s:23:6:23:Infinity":9,"s:27:2:79:Infinity":10,"b:43:37:43:63:43:63:43:Infinity":1,"b:48:20:48:Infinity:49:20:49:Infinity":2,"b:53:11:53:Infinity:54:12:56:Infinity":3,"b:73:17:73:53:73:53:73:Infinity":4}}}
,"/home/admin1/Desktop/assign/src/components/SearchBar/SearchBar.tsx": {"path":"/home/admin1/Desktop/assign/src/components/SearchBar/SearchBar.tsx","statementMap":{"0":{"start":{"line":7,"column":18},"end":{"line":40,"column":null}},"1":{"start":{"line":8,"column":8},"end":{"line":8,"column":null}},"2":{"start":{"line":9,"column":34},"end":{"line":9,"column":null}},"3":{"start":{"line":10,"column":8},"end":{"line":10,"column":null}},"4":{"start":{"line":12,"column":2},"end":{"line":14,"column":null}},"5":{"start":{"line":13,"column":4},"end":{"line":13,"column":null}},"6":{"start":{"line":16,"column":2},"end":{"line":38,"column":null}},"7":{"start":{"line":24,"column":25},"end":{"line":24,"column":null}},"8":{"start":{"line":31,"column":25},"end":{"line":31,"column":null}}},"fnMap":{"0":{"name":"(anonymous_0)","decl":{"start":{"line":7,"column":18},"end":{"line":7,"column":24}},"loc":{"start":{"line":7,"column":24},"end":{"line":40,"column":null}},"line":7},"1":{"name":"(anonymous_1)","decl":{"start":{"line":12,"column":12},"end":{"line":12,"column":18}},"loc":{"start":{"line":12,"column":18},"end":{"line":14,"column":5}},"line":12},"2":{"name":"(anonymous_2)","decl":{"start":{"line":24,"column":18},"end":{"line":24,"column":19}},"loc":{"start":{"line":24,"column":25},"end":{"line":24,"column":null}},"line":24},"3":{"name":"(anonymous_3)","decl":{"start":{"line":31,"column":19},"end":{"line":31,"column":25}},"loc":{"start":{"line":31,"column":25},"end":{"line":31,"column":null}},"line":31}},"branchMap":{"0":{"loc":{"start":{"line":29,"column":7},"end":{"line":36,"column":null}},"type":"binary-expr","locations":[{"start":{"line":29,"column":7},"end":{"line":29,"column":null}},{"start":{"line":30,"column":8},"end":{"line":36,"column":null}}],"line":29}},"s":{"0":2,"1":30,"2":30,"3":30,"4":30,"5":7,"6":30,"7":12,"8":0},"f":{"0":30,"1":7,"2":12,"3":0},"b":{"0":[30,16]},"meta":{"lastBranch":1,"lastFunction":4,"lastStatement":9,"seen":{"s:7:18:40:Infinity":0,"f:7:18:7:24":0,"s:8:8:8:Infinity":1,"s:9:34:9:Infinity":2,"s:10:8:10:Infinity":3,"s:12:2:14:Infinity":4,"f:12:12:12:18":1,"s:13:4:13:Infinity":5,"s:16:2:38:Infinity":6,"f:24:18:24:19":2,"s:24:25:24:Infinity":7,"b:29:7:29:Infinity:30:8:36:Infinity":0,"f:31:19:31:25":3,"s:31:25:31:Infinity":8}}}
,"/home/admin1/Desktop/assign/src/hooks/useDebounce.ts": {"path":"/home/admin1/Desktop/assign/src/hooks/useDebounce.ts","statementMap":{"0":{"start":{"line":3,"column":27},"end":{"line":17,"column":null}},"1":{"start":{"line":4,"column":42},"end":{"line":4,"column":null}},"2":{"start":{"line":6,"column":2},"end":{"line":14,"column":null}},"3":{"start":{"line":7,"column":20},"end":{"line":9,"column":null}},"4":{"start":{"line":8,"column":6},"end":{"line":8,"column":null}},"5":{"start":{"line":11,"column":4},"end":{"line":13,"column":null}},"6":{"start":{"line":12,"column":6},"end":{"line":12,"column":null}},"7":{"start":{"line":16,"column":2},"end":{"line":16,"column":null}}},"fnMap":{"0":{"name":"(anonymous_0)","decl":{"start":{"line":3,"column":27},"end":{"line":3,"column":32}},"loc":{"start":{"line":3,"column":69},"end":{"line":17,"column":null}},"line":3},"1":{"name":"(anonymous_1)","decl":{"start":{"line":6,"column":12},"end":{"line":6,"column":18}},"loc":{"start":{"line":6,"column":18},"end":{"line":14,"column":5}},"line":6},"2":{"name":"(anonymous_2)","decl":{"start":{"line":7,"column":31},"end":{"line":7,"column":37}},"loc":{"start":{"line":7,"column":37},"end":{"line":9,"column":7}},"line":7},"3":{"name":"(anonymous_3)","decl":{"start":{"line":11,"column":11},"end":{"line":11,"column":17}},"loc":{"start":{"line":11,"column":17},"end":{"line":13,"column":null}},"line":11}},"branchMap":{"0":{"loc":{"start":{"line":3,"column":42},"end":{"line":3,"column":69}},"type":"default-arg","locations":[{"start":{"line":3,"column":58},"end":{"line":3,"column":69}}],"line":3}},"s":{"0":3,"1":37,"2":37,"3":22,"4":6,"5":22,"6":22,"7":37},"f":{"0":37,"1":22,"2":6,"3":22},"b":{"0":[37]},"meta":{"lastBranch":1,"lastFunction":4,"lastStatement":8,"seen":{"s:3:27:17:Infinity":0,"f:3:27:3:32":0,"b:3:58:3:69":0,"s:4:42:4:Infinity":1,"s:6:2:14:Infinity":2,"f:6:12:6:18":1,"s:7:20:9:Infinity":3,"f:7:31:7:37":2,"s:8:6:8:Infinity":4,"s:11:4:13:Infinity":5,"f:11:11:11:17":3,"s:12:6:12:Infinity":6,"s:16:2:16:Infinity":7}}}
,"/home/admin1/Desktop/assign/src/pages/Favorites/Favorites.tsx": {"path":"/home/admin1/Desktop/assign/src/pages/Favorites/Favorites.tsx","statementMap":{"0":{"start":{"line":8,"column":18},"end":{"line":72,"column":null}},"1":{"start":{"line":9,"column":8},"end":{"line":9,"column":null}},"2":{"start":{"line":10,"column":8},"end":{"line":10,"column":null}},"3":{"start":{"line":11,"column":32},"end":{"line":11,"column":null}},"4":{"start":{"line":13,"column":2},"end":{"line":16,"column":null}},"5":{"start":{"line":14,"column":18},"end":{"line":14,"column":null}},"6":{"start":{"line":14,"column":35},"end":{"line":14,"column":55}},"7":{"start":{"line":15,"column":4},"end":{"line":15,"column":null}},"8":{"start":{"line":15,"column":17},"end":{"line":15,"column":null}},"9":{"start":{"line":18,"column":26},"end":{"line":22,"column":null}},"10":{"start":{"line":19,"column":4},"end":{"line":21,"column":null}},"11":{"start":{"line":20,"column":6},"end":{"line":20,"column":null}},"12":{"start":{"line":24,"column":2},"end":{"line":70,"column":null}},"13":{"start":{"line":65,"column":14},"end":{"line":65,"column":null}}},"fnMap":{"0":{"name":"(anonymous_0)","decl":{"start":{"line":8,"column":18},"end":{"line":8,"column":24}},"loc":{"start":{"line":8,"column":24},"end":{"line":72,"column":null}},"line":8},"1":{"name":"(anonymous_1)","decl":{"start":{"line":13,"column":12},"end":{"line":13,"column":18}},"loc":{"start":{"line":13,"column":18},"end":{"line":16,"column":5}},"line":13},"2":{"name":"(anonymous_2)","decl":{"start":{"line":14,"column":29},"end":{"line":14,"column":35}},"loc":{"start":{"line":14,"column":35},"end":{"line":14,"column":55}},"line":14},"3":{"name":"(anonymous_3)","decl":{"start":{"line":15,"column":11},"end":{"line":15,"column":17}},"loc":{"start":{"line":15,"column":17},"end":{"line":15,"column":null}},"line":15},"4":{"name":"(anonymous_4)","decl":{"start":{"line":18,"column":26},"end":{"line":18,"column":32}},"loc":{"start":{"line":18,"column":32},"end":{"line":22,"column":null}},"line":18},"5":{"name":"(anonymous_5)","decl":{"start":{"line":19,"column":22},"end":{"line":19,"column":23}},"loc":{"start":{"line":19,"column":35},"end":{"line":21,"column":5}},"line":19},"6":{"name":"(anonymous_6)","decl":{"start":{"line":64,"column":27},"end":{"line":64,"column":28}},"loc":{"start":{"line":65,"column":14},"end":{"line":65,"column":null}},"line":65}},"branchMap":{"0":{"loc":{"start":{"line":31,"column":9},"end":{"line":39,"column":null}},"type":"binary-expr","locations":[{"start":{"line":31,"column":9},"end":{"line":31,"column":null}},{"start":{"line":32,"column":10},"end":{"line":39,"column":null}}],"line":31},"1":{"loc":{"start":{"line":43,"column":7},"end":{"line":68,"column":null}},"type":"cond-expr","locations":[{"start":{"line":44,"column":8},"end":{"line":56,"column":null}},{"start":{"line":58,"column":8},"end":{"line":68,"column":null}}],"line":43},"2":{"loc":{"start":{"line":61,"column":40},"end":{"line":61,"column":null}},"type":"cond-expr","locations":[{"start":{"line":61,"column":65},"end":{"line":61,"column":71}},{"start":{"line":61,"column":71},"end":{"line":61,"column":null}}],"line":61},"3":{"loc":{"start":{"line":63,"column":97},"end":{"line":63,"column":136}},"type":"cond-expr","locations":[{"start":{"line":63,"column":109},"end":{"line":63,"column":125}},{"start":{"line":63,"column":125},"end":{"line":63,"column":136}}],"line":63}},"s":{"0":1,"1":5,"2":5,"3":5,"4":5,"5":3,"6":1,"7":3,"8":3,"9":5,"10":1,"11":2,"12":5,"13":4},"f":{"0":5,"1":3,"2":1,"3":3,"4":1,"5":2,"6":4},"b":{"0":[5,2],"1":[3,2],"2":[2,0],"3":[0,2]},"meta":{"lastBranch":4,"lastFunction":7,"lastStatement":14,"seen":{"s:8:18:72:Infinity":0,"f:8:18:8:24":0,"s:9:8:9:Infinity":1,"s:10:8:10:Infinity":2,"s:11:32:11:Infinity":3,"s:13:2:16:Infinity":4,"f:13:12:13:18":1,"s:14:18:14:Infinity":5,"f:14:29:14:35":2,"s:14:35:14:55":6,"s:15:4:15:Infinity":7,"f:15:11:15:17":3,"s:15:17:15:Infinity":8,"s:18:26:22:Infinity":9,"f:18:26:18:32":4,"s:19:4:21:Infinity":10,"f:19:22:19:23":5,"s:20:6:20:Infinity":11,"s:24:2:70:Infinity":12,"b:31:9:31:Infinity:32:10:39:Infinity":0,"b:44:8:56:Infinity:58:8:68:Infinity":1,"b:61:65:61:71:61:71:61:Infinity":2,"b:63:109:63:125:63:125:63:136":3,"f:64:27:64:28":6,"s:65:14:65:Infinity":13}}}
,"/home/admin1/Desktop/assign/src/pages/ProductListing/ProductListing.tsx": {"path":"/home/admin1/Desktop/assign/src/pages/ProductListing/ProductListing.tsx","statementMap":{"0":{"start":{"line":15,"column":23},"end":{"line":78,"column":null}},"1":{"start":{"line":16,"column":8},"end":{"line":16,"column":null}},"2":{"start":{"line":17,"column":8},"end":{"line":17,"column":null}},"3":{"start":{"line":18,"column":8},"end":{"line":18,"column":null}},"4":{"start":{"line":19,"column":8},"end":{"line":19,"column":null}},"5":{"start":{"line":20,"column":32},"end":{"line":20,"column":null}},"6":{"start":{"line":22,"column":2},"end":{"line":27,"column":null}},"7":{"start":{"line":23,"column":4},"end":{"line":23,"column":null}},"8":{"start":{"line":25,"column":18},"end":{"line":25,"column":null}},"9":{"start":{"line":25,"column":35},"end":{"line":25,"column":55}},"10":{"start":{"line":26,"column":4},"end":{"line":26,"column":null}},"11":{"start":{"line":26,"column":17},"end":{"line":26,"column":null}},"12":{"start":{"line":29,"column":22},"end":{"line":31,"column":null}},"13":{"start":{"line":30,"column":4},"end":{"line":30,"column":null}},"14":{"start":{"line":33,"column":2},"end":{"line":76,"column":null}},"15":{"start":{"line":70,"column":16},"end":{"line":70,"column":null}}},"fnMap":{"0":{"name":"(anonymous_0)","decl":{"start":{"line":15,"column":23},"end":{"line":15,"column":29}},"loc":{"start":{"line":15,"column":29},"end":{"line":78,"column":null}},"line":15},"1":{"name":"(anonymous_1)","decl":{"start":{"line":22,"column":12},"end":{"line":22,"column":18}},"loc":{"start":{"line":22,"column":18},"end":{"line":27,"column":5}},"line":22},"2":{"name":"(anonymous_2)","decl":{"start":{"line":25,"column":29},"end":{"line":25,"column":35}},"loc":{"start":{"line":25,"column":35},"end":{"line":25,"column":55}},"line":25},"3":{"name":"(anonymous_3)","decl":{"start":{"line":26,"column":11},"end":{"line":26,"column":17}},"loc":{"start":{"line":26,"column":17},"end":{"line":26,"column":null}},"line":26},"4":{"name":"(anonymous_4)","decl":{"start":{"line":29,"column":22},"end":{"line":29,"column":28}},"loc":{"start":{"line":29,"column":28},"end":{"line":31,"column":null}},"line":29},"5":{"name":"(anonymous_5)","decl":{"start":{"line":69,"column":28},"end":{"line":69,"column":29}},"loc":{"start":{"line":70,"column":16},"end":{"line":70,"column":null}},"line":70}},"branchMap":{"0":{"loc":{"start":{"line":48,"column":7},"end":{"line":48,"column":null}},"type":"binary-expr","locations":[{"start":{"line":48,"column":7},"end":{"line":48,"column":18}},{"start":{"line":48,"column":18},"end":{"line":48,"column":null}}],"line":48},"1":{"loc":{"start":{"line":50,"column":7},"end":{"line":50,"column":null}},"type":"binary-expr","locations":[{"start":{"line":50,"column":7},"end":{"line":50,"column":16}},{"start":{"line":50,"column":16},"end":{"line":50,"column":null}}],"line":50},"2":{"loc":{"start":{"line":52,"column":7},"end":{"line":74,"column":null}},"type":"binary-expr","locations":[{"start":{"line":52,"column":7},"end":{"line":52,"column":19}},{"start":{"line":52,"column":19},"end":{"line":52,"column":null}},{"start":{"line":53,"column":8},"end":{"line":74,"column":null}}],"line":52},"3":{"loc":{"start":{"line":57,"column":46},"end":{"line":57,"column":null}},"type":"cond-expr","locations":[{"start":{"line":57,"column":70},"end":{"line":57,"column":76}},{"start":{"line":57,"column":76},"end":{"line":57,"column":null}}],"line":57},"4":{"loc":{"start":{"line":59,"column":11},"end":{"line":72,"column":null}},"type":"cond-expr","locations":[{"start":{"line":60,"column":12},"end":{"line":66,"column":null}},{"start":{"line":68,"column":12},"end":{"line":72,"column":null}}],"line":59},"5":{"loc":{"start":{"line":68,"column":99},"end":{"line":68,"column":138}},"type":"cond-expr","locations":[{"start":{"line":68,"column":111},"end":{"line":68,"column":127}},{"start":{"line":68,"column":127},"end":{"line":68,"column":138}}],"line":68}},"s":{"0":1,"1":13,"2":13,"3":13,"4":13,"5":13,"6":13,"7":3,"8":3,"9":3,"10":3,"11":3,"12":13,"13":0,"14":13,"15":18},"f":{"0":13,"1":3,"2":3,"3":3,"4":0,"5":18},"b":{"0":[13,3],"1":[13,0],"2":[13,10,10],"3":[9,1],"4":[3,7],"5":[4,3]},"meta":{"lastBranch":6,"lastFunction":6,"lastStatement":16,"seen":{"s:15:23:78:Infinity":0,"f:15:23:15:29":0,"s:16:8:16:Infinity":1,"s:17:8:17:Infinity":2,"s:18:8:18:Infinity":3,"s:19:8:19:Infinity":4,"s:20:32:20:Infinity":5,"s:22:2:27:Infinity":6,"f:22:12:22:18":1,"s:23:4:23:Infinity":7,"s:25:18:25:Infinity":8,"f:25:29:25:35":2,"s:25:35:25:55":9,"s:26:4:26:Infinity":10,"f:26:11:26:17":3,"s:26:17:26:Infinity":11,"s:29:22:31:Infinity":12,"f:29:22:29:28":4,"s:30:4:30:Infinity":13,"s:33:2:76:Infinity":14,"b:48:7:48:18:48:18:48:Infinity":0,"b:50:7:50:16:50:16:50:Infinity":1,"b:52:7:52:19:52:19:52:Infinity:53:8:74:Infinity":2,"b:57:70:57:76:57:76:57:Infinity":3,"b:60:12:66:Infinity:68:12:72:Infinity":4,"b:68:111:68:127:68:127:68:138":5,"f:69:28:69:29":5,"s:70:16:70:Infinity":15}}}
,"/home/admin1/Desktop/assign/src/services/api.ts": {"path":"/home/admin1/Desktop/assign/src/services/api.ts","statementMap":{"0":{"start":{"line":3,"column":21},"end":{"line":3,"column":null}},"1":{"start":{"line":5,"column":29},"end":{"line":11,"column":null}},"2":{"start":{"line":6,"column":19},"end":{"line":6,"column":null}},"3":{"start":{"line":7,"column":2},"end":{"line":9,"column":null}},"4":{"start":{"line":8,"column":4},"end":{"line":8,"column":null}},"5":{"start":{"line":10,"column":2},"end":{"line":10,"column":null}},"6":{"start":{"line":13,"column":32},"end":{"line":19,"column":null}},"7":{"start":{"line":14,"column":19},"end":{"line":14,"column":null}},"8":{"start":{"line":15,"column":2},"end":{"line":17,"column":null}},"9":{"start":{"line":16,"column":4},"end":{"line":16,"column":null}},"10":{"start":{"line":18,"column":2},"end":{"line":18,"column":null}},"11":{"start":{"line":21,"column":31},"end":{"line":27,"column":null}},"12":{"start":{"line":22,"column":19},"end":{"line":22,"column":null}},"13":{"start":{"line":23,"column":2},"end":{"line":25,"column":null}},"14":{"start":{"line":24,"column":4},"end":{"line":24,"column":null}},"15":{"start":{"line":26,"column":2},"end":{"line":26,"column":null}}},"fnMap":{"0":{"name":"(anonymous_0)","decl":{"start":{"line":5,"column":29},"end":{"line":5,"column":61}},"loc":{"start":{"line":5,"column":61},"end":{"line":11,"column":null}},"line":5},"1":{"name":"(anonymous_1)","decl":{"start":{"line":13,"column":32},"end":{"line":13,"column":39}},"loc":{"start":{"line":13,"column":81},"end":{"line":19,"column":null}},"line":13},"2":{"name":"(anonymous_2)","decl":{"start":{"line":21,"column":31},"end":{"line":21,"column":62}},"loc":{"start":{"line":21,"column":62},"end":{"line":27,"column":null}},"line":21}},"branchMap":{"0":{"loc":{"start":{"line":7,"column":2},"end":{"line":9,"column":null}},"type":"if","locations":[{"start":{"line":7,"column":2},"end":{"line":9,"column":null}},{"start":{},"end":{}}],"line":7},"1":{"loc":{"start":{"line":15,"column":2},"end":{"line":17,"column":null}},"type":"if","locations":[{"start":{"line":15,"column":2},"end":{"line":17,"column":null}},{"start":{},"end":{}}],"line":15},"2":{"loc":{"start":{"line":23,"column":2},"end":{"line":25,"column":null}},"type":"if","locations":[{"start":{"line":23,"column":2},"end":{"line":25,"column":null}},{"start":{},"end":{}}],"line":23}},"s":{"0":5,"1":5,"2":2,"3":2,"4":1,"5":1,"6":5,"7":2,"8":2,"9":1,"10":1,"11":5,"12":2,"13":2,"14":1,"15":1},"f":{"0":2,"1":2,"2":2},"b":{"0":[1,1],"1":[1,1],"2":[1,1]},"meta":{"lastBranch":3,"lastFunction":3,"lastStatement":16,"seen":{"s:3:21:3:Infinity":0,"s:5:29:11:Infinity":1,"f:5:29:5:61":0,"s:6:19:6:Infinity":2,"b:7:2:9:Infinity:undefined:undefined:undefined:undefined":0,"s:7:2:9:Infinity":3,"s:8:4:8:Infinity":4,"s:10:2:10:Infinity":5,"s:13:32:19:Infinity":6,"f:13:32:13:39":1,"s:14:19:14:Infinity":7,"b:15:2:17:Infinity:undefined:undefined:undefined:undefined":1,"s:15:2:17:Infinity":8,"s:16:4:16:Infinity":9,"s:18:2:18:Infinity":10,"s:21:31:27:Infinity":11,"f:21:31:21:62":2,"s:22:19:22:Infinity":12,"b:23:2:25:Infinity:undefined:undefined:undefined:undefined":2,"s:23:2:25:Infinity":13,"s:24:4:24:Infinity":14,"s:26:2:26:Infinity":15}}}
,"/home/admin1/Desktop/assign/src/store/hooks.ts": {"path":"/home/admin1/Desktop/assign/src/store/hooks.ts","statementMap":{"0":{"start":{"line":5,"column":30},"end":{"line":5,"column":null}},"1":{"start":{"line":6,"column":63},"end":{"line":6,"column":null}}},"fnMap":{"0":{"name":"(anonymous_0)","decl":{"start":{"line":5,"column":30},"end":{"line":5,"column":36}},"loc":{"start":{"line":5,"column":30},"end":{"line":5,"column":null}},"line":5}},"branchMap":{},"s":{"0":89,"1":4},"f":{"0":89},"b":{},"meta":{"lastBranch":0,"lastFunction":1,"lastStatement":2,"seen":{"s:5:30:5:Infinity":0,"f:5:30:5:36":0,"s:6:63:6:Infinity":1}}}
,"/home/admin1/Desktop/assign/src/store/selectors.ts": {"path":"/home/admin1/Desktop/assign/src/store/selectors.ts","statementMap":{"0":{"start":{"line":5,"column":33},"end":{"line":5,"column":null}},"1":{"start":{"line":5,"column":66},"end":{"line":5,"column":null}},"2":{"start":{"line":6,"column":32},"end":{"line":6,"column":null}},"3":{"start":{"line":6,"column":64},"end":{"line":6,"column":null}},"4":{"start":{"line":7,"column":36},"end":{"line":7,"column":null}},"5":{"start":{"line":7,"column":74},"end":{"line":7,"column":null}},"6":{"start":{"line":8,"column":37},"end":{"line":8,"column":null}},"7":{"start":{"line":8,"column":68},"end":{"line":8,"column":null}},"8":{"start":{"line":9,"column":35},"end":{"line":9,"column":null}},"9":{"start":{"line":9,"column":72},"end":{"line":9,"column":null}},"10":{"start":{"line":11,"column":33},"end":{"line":11,"column":null}},"11":{"start":{"line":11,"column":63},"end":{"line":11,"column":null}},"12":{"start":{"line":12,"column":38},"end":{"line":12,"column":null}},"13":{"start":{"line":12,"column":68},"end":{"line":12,"column":null}},"14":{"start":{"line":13,"column":28},"end":{"line":13,"column":null}},"15":{"start":{"line":13,"column":90},"end":{"line":13,"column":null}},"16":{"start":{"line":15,"column":31},"end":{"line":15,"column":null}},"17":{"start":{"line":15,"column":64},"end":{"line":15,"column":null}},"18":{"start":{"line":16,"column":32},"end":{"line":17,"column":null}},"19":{"start":{"line":17,"column":2},"end":{"line":17,"column":null}},"20":{"start":{"line":17,"column":39},"end":{"line":17,"column":60}},"21":{"start":{"line":20,"column":13},"end":{"line":49,"column":null}},"22":{"start":{"line":23,"column":19},"end":{"line":23,"column":null}},"23":{"start":{"line":26,"column":4},"end":{"line":31,"column":null}},"24":{"start":{"line":27,"column":20},"end":{"line":27,"column":null}},"25":{"start":{"line":28,"column":6},"end":{"line":30,"column":null}},"26":{"start":{"line":29,"column":8},"end":{"line":29,"column":null}},"27":{"start":{"line":34,"column":4},"end":{"line":38,"column":null}},"28":{"start":{"line":35,"column":6},"end":{"line":37,"column":null}},"29":{"start":{"line":36,"column":21},"end":{"line":36,"column":null}},"30":{"start":{"line":41,"column":4},"end":{"line":45,"column":null}},"31":{"start":{"line":42,"column":6},"end":{"line":42,"column":null}},"32":{"start":{"line":42,"column":30},"end":{"line":42,"column":47}},"33":{"start":{"line":43,"column":4},"end":{"line":45,"column":null}},"34":{"start":{"line":44,"column":6},"end":{"line":44,"column":null}},"35":{"start":{"line":44,"column":30},"end":{"line":44,"column":47}},"36":{"start":{"line":47,"column":4},"end":{"line":47,"column":null}},"37":{"start":{"line":51,"column":13},"end":{"line":53,"column":null}},"38":{"start":{"line":52,"column":2},"end":{"line":52,"column":null}},"39":{"start":{"line":52,"column":26},"end":{"line":52,"column":33}}},"fnMap":{"0":{"name":"(anonymous_0)","decl":{"start":{"line":5,"column":33},"end":{"line":5,"column":34}},"loc":{"start":{"line":5,"column":66},"end":{"line":5,"column":null}},"line":5},"1":{"name":"(anonymous_1)","decl":{"start":{"line":6,"column":32},"end":{"line":6,"column":33}},"loc":{"start":{"line":6,"column":64},"end":{"line":6,"column":null}},"line":6},"2":{"name":"(anonymous_2)","decl":{"start":{"line":7,"column":36},"end":{"line":7,"column":37}},"loc":{"start":{"line":7,"column":74},"end":{"line":7,"column":null}},"line":7},"3":{"name":"(anonymous_3)","decl":{"start":{"line":8,"column":37},"end":{"line":8,"column":38}},"loc":{"start":{"line":8,"column":68},"end":{"line":8,"column":null}},"line":8},"4":{"name":"(anonymous_4)","decl":{"start":{"line":9,"column":35},"end":{"line":9,"column":36}},"loc":{"start":{"line":9,"column":72},"end":{"line":9,"column":null}},"line":9},"5":{"name":"(anonymous_5)","decl":{"start":{"line":11,"column":33},"end":{"line":11,"column":34}},"loc":{"start":{"line":11,"column":63},"end":{"line":11,"column":null}},"line":11},"6":{"name":"(anonymous_6)","decl":{"start":{"line":12,"column":38},"end":{"line":12,"column":39}},"loc":{"start":{"line":12,"column":68},"end":{"line":12,"column":null}},"line":12},"7":{"name":"(anonymous_7)","decl":{"start":{"line":13,"column":28},"end":{"line":13,"column":29}},"loc":{"start":{"line":13,"column":90},"end":{"line":13,"column":null}},"line":13},"8":{"name":"(anonymous_8)","decl":{"start":{"line":15,"column":31},"end":{"line":15,"column":32}},"loc":{"start":{"line":15,"column":64},"end":{"line":15,"column":null}},"line":15},"9":{"name":"(anonymous_9)","decl":{"start":{"line":16,"column":32},"end":{"line":16,"column":33}},"loc":{"start":{"line":17,"column":2},"end":{"line":17,"column":null}},"line":17},"10":{"name":"(anonymous_10)","decl":{"start":{"line":17,"column":29},"end":{"line":17,"column":30}},"loc":{"start":{"line":17,"column":39},"end":{"line":17,"column":60}},"line":17},"11":{"name":"(anonymous_11)","decl":{"start":{"line":22,"column":2},"end":{"line":22,"column":3}},"loc":{"start":{"line":22,"column":66},"end":{"line":48,"column":null}},"line":22},"12":{"name":"(anonymous_12)","decl":{"start":{"line":28,"column":33},"end":{"line":28,"column":34}},"loc":{"start":{"line":29,"column":8},"end":{"line":29,"column":null}},"line":29},"13":{"name":"(anonymous_13)","decl":{"start":{"line":36,"column":8},"end":{"line":36,"column":9}},"loc":{"start":{"line":36,"column":21},"end":{"line":36,"column":null}},"line":36},"14":{"name":"(anonymous_14)","decl":{"start":{"line":42,"column":20},"end":{"line":42,"column":21}},"loc":{"start":{"line":42,"column":30},"end":{"line":42,"column":47}},"line":42},"15":{"name":"(anonymous_15)","decl":{"start":{"line":44,"column":20},"end":{"line":44,"column":21}},"loc":{"start":{"line":44,"column":30},"end":{"line":44,"column":47}},"line":44},"16":{"name":"(anonymous_16)","decl":{"start":{"line":51,"column":67},"end":{"line":51,"column":68}},"loc":{"start":{"line":52,"column":2},"end":{"line":52,"column":null}},"line":52},"17":{"name":"(anonymous_17)","decl":{"start":{"line":52,"column":16},"end":{"line":52,"column":17}},"loc":{"start":{"line":52,"column":26},"end":{"line":52,"column":33}},"line":52}},"branchMap":{"0":{"loc":{"start":{"line":26,"column":4},"end":{"line":31,"column":null}},"type":"if","locations":[{"start":{"line":26,"column":4},"end":{"line":31,"column":null}},{"start":{},"end":{}}],"line":26},"1":{"loc":{"start":{"line":34,"column":4},"end":{"line":38,"column":null}},"type":"if","locations":[{"start":{"line":34,"column":4},"end":{"line":38,"column":null}},{"start":{},"end":{}}],"line":34},"2":{"loc":{"start":{"line":41,"column":4},"end":{"line":45,"column":null}},"type":"if","locations":[{"start":{"line":41,"column":4},"end":{"line":45,"column":null}},{"start":{"line":43,"column":4},"end":{"line":45,"column":null}}],"line":41},"3":{"loc":{"start":{"line":43,"column":4},"end":{"line":45,"column":null}},"type":"if","locations":[{"start":{"line":43,"column":4},"end":{"line":45,"column":null}},{"start":{},"end":{}}],"line":43}},"s":{"0":4,"1":21,"2":4,"3":17,"4":4,"5":0,"6":4,"7":17,"8":4,"9":17,"10":4,"11":21,"12":4,"13":38,"14":4,"15":38,"16":4,"17":8,"18":4,"19":59,"20":18,"21":4,"22":9,"23":9,"24":2,"25":2,"26":6,"27":9,"28":2,"29":6,"30":9,"31":1,"32":4,"33":8,"34":1,"35":4,"36":9,"37":4,"38":0,"39":0},"f":{"0":21,"1":17,"2":0,"3":17,"4":17,"5":21,"6":38,"7":38,"8":8,"9":59,"10":18,"11":9,"12":6,"13":6,"14":4,"15":4,"16":0,"17":0},"b":{"0":[2,7],"1":[2,7],"2":[1,8],"3":[1,7]},"meta":{"lastBranch":4,"lastFunction":18,"lastStatement":40,"seen":{"s:5:33:5:Infinity":0,"f:5:33:5:34":0,"s:5:66:5:Infinity":1,"s:6:32:6:Infinity":2,"f:6:32:6:33":1,"s:6:64:6:Infinity":3,"s:7:36:7:Infinity":4,"f:7:36:7:37":2,"s:7:74:7:Infinity":5,"s:8:37:8:Infinity":6,"f:8:37:8:38":3,"s:8:68:8:Infinity":7,"s:9:35:9:Infinity":8,"f:9:35:9:36":4,"s:9:72:9:Infinity":9,"s:11:33:11:Infinity":10,"f:11:33:11:34":5,"s:11:63:11:Infinity":11,"s:12:38:12:Infinity":12,"f:12:38:12:39":6,"s:12:68:12:Infinity":13,"s:13:28:13:Infinity":14,"f:13:28:13:29":7,"s:13:90:13:Infinity":15,"s:15:31:15:Infinity":16,"f:15:31:15:32":8,"s:15:64:15:Infinity":17,"s:16:32:17:Infinity":18,"f:16:32:16:33":9,"s:17:2:17:Infinity":19,"f:17:29:17:30":10,"s:17:39:17:60":20,"s:20:13:49:Infinity":21,"f:22:2:22:3":11,"s:23:19:23:Infinity":22,"b:26:4:31:Infinity:undefined:undefined:undefined:undefined":0,"s:26:4:31:Infinity":23,"s:27:20:27:Infinity":24,"s:28:6:30:Infinity":25,"f:28:33:28:34":12,"s:29:8:29:Infinity":26,"b:34:4:38:Infinity:undefined:undefined:undefined:undefined":1,"s:34:4:38:Infinity":27,"s:35:6:37:Infinity":28,"f:36:8:36:9":13,"s:36:21:36:Infinity":29,"b:41:4:45:Infinity:43:4:45:Infinity":2,"s:41:4:45:Infinity":30,"s:42:6:42:Infinity":31,"f:42:20:42:21":14,"s:42:30:42:47":32,"b:43:4:45:Infinity:undefined:undefined:undefined:undefined":3,"s:43:4:45:Infinity":33,"s:44:6:44:Infinity":34,"f:44:20:44:21":15,"s:44:30:44:47":35,"s:47:4:47:Infinity":36,"s:51:13:53:Infinity":37,"f:51:67:51:68":16,"s:52:2:52:Infinity":38,"f:52:16:52:17":17,"s:52:26:52:33":39}}}
,"/home/admin1/Desktop/assign/src/store/slices/favoritesSlice.ts": {"path":"/home/admin1/Desktop/assign/src/store/slices/favoritesSlice.ts","statementMap":{"0":{"start":{"line":4,"column":37},"end":{"line":6,"column":null}},"1":{"start":{"line":8,"column":6},"end":{"line":27,"column":null}},"2":{"start":{"line":13,"column":22},"end":{"line":13,"column":null}},"3":{"start":{"line":14,"column":21},"end":{"line":14,"column":null}},"4":{"start":{"line":14,"column":48},"end":{"line":14,"column":70}},"5":{"start":{"line":15,"column":6},"end":{"line":17,"column":null}},"6":{"start":{"line":16,"column":8},"end":{"line":16,"column":null}},"7":{"start":{"line":20,"column":24},"end":{"line":20,"column":null}},"8":{"start":{"line":21,"column":6},"end":{"line":21,"column":null}},"9":{"start":{"line":21,"column":49},"end":{"line":21,"column":70}},"10":{"start":{"line":24,"column":6},"end":{"line":24,"column":null}},"11":{"start":{"line":30,"column":2},"end":{"line":30,"column":null}}},"fnMap":{"0":{"name":"(anonymous_0)","decl":{"start":{"line":12,"column":20},"end":{"line":12,"column":21}},"loc":{"start":{"line":12,"column":63},"end":{"line":18,"column":null}},"line":12},"1":{"name":"(anonymous_1)","decl":{"start":{"line":14,"column":38},"end":{"line":14,"column":39}},"loc":{"start":{"line":14,"column":48},"end":{"line":14,"column":70}},"line":14},"2":{"name":"(anonymous_2)","decl":{"start":{"line":19,"column":25},"end":{"line":19,"column":26}},"loc":{"start":{"line":19,"column":67},"end":{"line":22,"column":null}},"line":19},"3":{"name":"(anonymous_3)","decl":{"start":{"line":21,"column":39},"end":{"line":21,"column":40}},"loc":{"start":{"line":21,"column":49},"end":{"line":21,"column":70}},"line":21},"4":{"name":"(anonymous_4)","decl":{"start":{"line":23,"column":20},"end":{"line":23,"column":21}},"loc":{"start":{"line":23,"column":31},"end":{"line":25,"column":null}},"line":23}},"branchMap":{"0":{"loc":{"start":{"line":15,"column":6},"end":{"line":17,"column":null}},"type":"if","locations":[{"start":{"line":15,"column":6},"end":{"line":17,"column":null}},{"start":{},"end":{}}],"line":15}},"s":{"0":5,"1":5,"2":7,"3":7,"4":3,"5":7,"6":6,"7":3,"8":3,"9":5,"10":1,"11":5},"f":{"0":7,"1":3,"2":3,"3":5,"4":1},"b":{"0":[6,1]},"meta":{"lastBranch":1,"lastFunction":5,"lastStatement":12,"seen":{"s:4:37:6:Infinity":0,"s:8:6:27:Infinity":1,"f:12:20:12:21":0,"s:13:22:13:Infinity":2,"s:14:21:14:Infinity":3,"f:14:38:14:39":1,"s:14:48:14:70":4,"b:15:6:17:Infinity:undefined:undefined:undefined:undefined":0,"s:15:6:17:Infinity":5,"s:16:8:16:Infinity":6,"f:19:25:19:26":2,"s:20:24:20:Infinity":7,"s:21:6:21:Infinity":8,"f:21:39:21:40":3,"s:21:49:21:70":9,"f:23:20:23:21":4,"s:24:6:24:Infinity":10,"s:30:2:30:Infinity":11}}}
,"/home/admin1/Desktop/assign/src/store/slices/filtersSlice.ts": {"path":"/home/admin1/Desktop/assign/src/store/slices/filtersSlice.ts","statementMap":{"0":{"start":{"line":4,"column":35},"end":{"line":8,"column":null}},"1":{"start":{"line":10,"column":6},"end":{"line":29,"column":null}},"2":{"start":{"line":15,"column":6},"end":{"line":15,"column":null}},"3":{"start":{"line":18,"column":6},"end":{"line":18,"column":null}},"4":{"start":{"line":21,"column":6},"end":{"line":21,"column":null}},"5":{"start":{"line":24,"column":6},"end":{"line":24,"column":null}},"6":{"start":{"line":25,"column":6},"end":{"line":25,"column":null}},"7":{"start":{"line":26,"column":6},"end":{"line":26,"column":null}},"8":{"start":{"line":32,"column":2},"end":{"line":32,"column":null}}},"fnMap":{"0":{"name":"(anonymous_0)","decl":{"start":{"line":14,"column":20},"end":{"line":14,"column":21}},"loc":{"start":{"line":14,"column":62},"end":{"line":16,"column":null}},"line":14},"1":{"name":"(anonymous_1)","decl":{"start":{"line":17,"column":25},"end":{"line":17,"column":26}},"loc":{"start":{"line":17,"column":67},"end":{"line":19,"column":null}},"line":17},"2":{"name":"(anonymous_2)","decl":{"start":{"line":20,"column":15},"end":{"line":20,"column":16}},"loc":{"start":{"line":20,"column":89},"end":{"line":22,"column":null}},"line":20},"3":{"name":"(anonymous_3)","decl":{"start":{"line":23,"column":18},"end":{"line":23,"column":19}},"loc":{"start":{"line":23,"column":29},"end":{"line":27,"column":null}},"line":23}},"branchMap":{},"s":{"0":5,"1":5,"2":8,"3":2,"4":1,"5":1,"6":1,"7":1,"8":5},"f":{"0":8,"1":2,"2":1,"3":1},"b":{},"meta":{"lastBranch":0,"lastFunction":4,"lastStatement":9,"seen":{"s:4:35:8:Infinity":0,"s:10:6:29:Infinity":1,"f:14:20:14:21":0,"s:15:6:15:Infinity":2,"f:17:25:17:26":1,"s:18:6:18:Infinity":3,"f:20:15:20:16":2,"s:21:6:21:Infinity":4,"f:23:18:23:19":3,"s:24:6:24:Infinity":5,"s:25:6:25:Infinity":6,"s:26:6:26:Infinity":7,"s:32:2:32:Infinity":8}}}
,"/home/admin1/Desktop/assign/src/store/slices/productsSlice.ts": {"path":"/home/admin1/Desktop/assign/src/store/slices/productsSlice.ts","statementMap":{"0":{"start":{"line":6,"column":13},"end":{"line":16,"column":null}},"1":{"start":{"line":9,"column":4},"end":{"line":14,"column":null}},"2":{"start":{"line":10,"column":23},"end":{"line":10,"column":null}},"3":{"start":{"line":11,"column":6},"end":{"line":11,"column":null}},"4":{"start":{"line":13,"column":6},"end":{"line":13,"column":null}},"5":{"start":{"line":18,"column":13},"end":{"line":28,"column":null}},"6":{"start":{"line":21,"column":4},"end":{"line":26,"column":null}},"7":{"start":{"line":22,"column":22},"end":{"line":22,"column":null}},"8":{"start":{"line":23,"column":6},"end":{"line":23,"column":null}},"9":{"start":{"line":25,"column":6},"end":{"line":25,"column":null}},"10":{"start":{"line":30,"column":13},"end":{"line":40,"column":null}},"11":{"start":{"line":33,"column":4},"end":{"line":38,"column":null}},"12":{"start":{"line":34,"column":25},"end":{"line":34,"column":null}},"13":{"start":{"line":35,"column":6},"end":{"line":35,"column":null}},"14":{"start":{"line":37,"column":6},"end":{"line":37,"column":null}},"15":{"start":{"line":42,"column":36},"end":{"line":48,"column":null}},"16":{"start":{"line":50,"column":6},"end":{"line":100,"column":null}},"17":{"start":{"line":55,"column":6},"end":{"line":55,"column":null}},"18":{"start":{"line":59,"column":4},"end":{"line":98,"column":null}},"19":{"start":{"line":62,"column":8},"end":{"line":62,"column":null}},"20":{"start":{"line":63,"column":8},"end":{"line":63,"column":null}},"21":{"start":{"line":66,"column":8},"end":{"line":66,"column":null}},"22":{"start":{"line":67,"column":8},"end":{"line":67,"column":null}},"23":{"start":{"line":70,"column":8},"end":{"line":70,"column":null}},"24":{"start":{"line":71,"column":8},"end":{"line":71,"column":null}},"25":{"start":{"line":75,"column":8},"end":{"line":75,"column":null}},"26":{"start":{"line":76,"column":8},"end":{"line":76,"column":null}},"27":{"start":{"line":79,"column":8},"end":{"line":79,"column":null}},"28":{"start":{"line":80,"column":8},"end":{"line":80,"column":null}},"29":{"start":{"line":83,"column":8},"end":{"line":83,"column":null}},"30":{"start":{"line":84,"column":8},"end":{"line":84,"column":null}},"31":{"start":{"line":88,"column":8},"end":{"line":88,"column":null}},"32":{"start":{"line":89,"column":8},"end":{"line":89,"column":null}},"33":{"start":{"line":92,"column":8},"end":{"line":92,"column":null}},"34":{"start":{"line":93,"column":8},"end":{"line":93,"column":null}},"35":{"start":{"line":96,"column":8},"end":{"line":96,"column":null}},"36":{"start":{"line":97,"column":8},"end":{"line":97,"column":null}},"37":{"start":{"line":102,"column":39},"end":{"line":102,"column":null}}},"fnMap":{"0":{"name":"(anonymous_0)","decl":{"start":{"line":8,"column":2},"end":{"line":8,"column":9}},"loc":{"start":{"line":8,"column":36},"end":{"line":15,"column":null}},"line":8},"1":{"name":"(anonymous_1)","decl":{"start":{"line":20,"column":2},"end":{"line":20,"column":9}},"loc":{"start":{"line":20,"column":61},"end":{"line":27,"column":null}},"line":20},"2":{"name":"(anonymous_2)","decl":{"start":{"line":32,"column":2},"end":{"line":32,"column":9}},"loc":{"start":{"line":32,"column":36},"end":{"line":39,"column":null}},"line":32},"3":{"name":"(anonymous_3)","decl":{"start":{"line":54,"column":25},"end":{"line":54,"column":26}},"loc":{"start":{"line":54,"column":36},"end":{"line":56,"column":null}},"line":54},"4":{"name":"(anonymous_4)","decl":{"start":{"line":58,"column":17},"end":{"line":58,"column":18}},"loc":{"start":{"line":58,"column":30},"end":{"line":99,"column":null}},"line":58},"5":{"name":"(anonymous_5)","decl":{"start":{"line":61,"column":37},"end":{"line":61,"column":38}},"loc":{"start":{"line":61,"column":48},"end":{"line":64,"column":7}},"line":61},"6":{"name":"(anonymous_6)","decl":{"start":{"line":65,"column":39},"end":{"line":65,"column":40}},"loc":{"start":{"line":65,"column":84},"end":{"line":68,"column":7}},"line":65},"7":{"name":"(anonymous_7)","decl":{"start":{"line":69,"column":38},"end":{"line":69,"column":39}},"loc":{"start":{"line":69,"column":57},"end":{"line":72,"column":7}},"line":69},"8":{"name":"(anonymous_8)","decl":{"start":{"line":74,"column":40},"end":{"line":74,"column":41}},"loc":{"start":{"line":74,"column":51},"end":{"line":77,"column":7}},"line":74},"9":{"name":"(anonymous_9)","decl":{"start":{"line":78,"column":42},"end":{"line":78,"column":43}},"loc":{"start":{"line":78,"column":85},"end":{"line":81,"column":7}},"line":78},"10":{"name":"(anonymous_10)","decl":{"start":{"line":82,"column":41},"end":{"line":82,"column":42}},"loc":{"start":{"line":82,"column":60},"end":{"line":85,"column":7}},"line":82},"11":{"name":"(anonymous_11)","decl":{"start":{"line":87,"column":39},"end":{"line":87,"column":40}},"loc":{"start":{"line":87,"column":50},"end":{"line":90,"column":7}},"line":87},"12":{"name":"(anonymous_12)","decl":{"start":{"line":91,"column":41},"end":{"line":91,"column":42}},"loc":{"start":{"line":91,"column":85},"end":{"line":94,"column":7}},"line":91},"13":{"name":"(anonymous_13)","decl":{"start":{"line":95,"column":40},"end":{"line":95,"column":41}},"loc":{"start":{"line":95,"column":59},"end":{"line":98,"column":7}},"line":95}},"branchMap":{},"s":{"0":5,"1":3,"2":3,"3":3,"4":0,"5":5,"6":0,"7":0,"8":0,"9":0,"10":5,"11":3,"12":3,"13":3,"14":0,"15":5,"16":5,"17":1,"18":5,"19":4,"20":4,"21":4,"22":4,"23":1,"24":1,"25":1,"26":1,"27":1,"28":1,"29":1,"30":1,"31":4,"32":4,"33":4,"34":4,"35":1,"36":1,"37":5},"f":{"0":3,"1":0,"2":3,"3":1,"4":5,"5":4,"6":4,"7":1,"8":1,"9":1,"10":1,"11":4,"12":4,"13":1},"b":{},"meta":{"lastBranch":0,"lastFunction":14,"lastStatement":38,"seen":{"s:6:13:16:Infinity":0,"f:8:2:8:9":0,"s:9:4:14:Infinity":1,"s:10:23:10:Infinity":2,"s:11:6:11:Infinity":3,"s:13:6:13:Infinity":4,"s:18:13:28:Infinity":5,"f:20:2:20:9":1,"s:21:4:26:Infinity":6,"s:22:22:22:Infinity":7,"s:23:6:23:Infinity":8,"s:25:6:25:Infinity":9,"s:30:13:40:Infinity":10,"f:32:2:32:9":2,"s:33:4:38:Infinity":11,"s:34:25:34:Infinity":12,"s:35:6:35:Infinity":13,"s:37:6:37:Infinity":14,"s:42:36:48:Infinity":15,"s:50:6:100:Infinity":16,"f:54:25:54:26":3,"s:55:6:55:Infinity":17,"f:58:17:58:18":4,"s:59:4:98:Infinity":18,"f:61:37:61:38":5,"s:62:8:62:Infinity":19,"s:63:8:63:Infinity":20,"f:65:39:65:40":6,"s:66:8:66:Infinity":21,"s:67:8:67:Infinity":22,"f:69:38:69:39":7,"s:70:8:70:Infinity":23,"s:71:8:71:Infinity":24,"f:74:40:74:41":8,"s:75:8:75:Infinity":25,"s:76:8:76:Infinity":26,"f:78:42:78:43":9,"s:79:8:79:Infinity":27,"s:80:8:80:Infinity":28,"f:82:41:82:42":10,"s:83:8:83:Infinity":29,"s:84:8:84:Infinity":30,"f:87:39:87:40":11,"s:88:8:88:Infinity":31,"s:89:8:89:Infinity":32,"f:91:41:91:42":12,"s:92:8:92:Infinity":33,"s:93:8:93:Infinity":34,"f:95:40:95:41":13,"s:96:8:96:Infinity":35,"s:97:8:97:Infinity":36,"s:102:39:102:Infinity":37}}}
,"/home/admin1/Desktop/assign/src/utils/formatPrice.ts": {"path":"/home/admin1/Desktop/assign/src/utils/formatPrice.ts","statementMap":{"0":{"start":{"line":1,"column":27},"end":{"line":6,"column":null}},"1":{"start":{"line":2,"column":2},"end":{"line":5,"column":null}}},"fnMap":{"0":{"name":"(anonymous_0)","decl":{"start":{"line":1,"column":27},"end":{"line":1,"column":28}},"loc":{"start":{"line":1,"column":54},"end":{"line":6,"column":null}},"line":1}},"branchMap":{},"s":{"0":3,"1":28},"f":{"0":28},"b":{},"meta":{"lastBranch":0,"lastFunction":1,"lastStatement":2,"seen":{"s:1:27:6:Infinity":0,"f:1:27:1:28":0,"s:2:2:5:Infinity":1}}}
}
